2026-02-22 20:43:11.938 [main] [%PARSER_ERROR[PID]] INFO  com.muimi.kispha.KisphaApplication - Starting KisphaApplication using Java 25.0.1 with PID 59300 (D:\Users\lenovo\Desktop\Source_Code\Kispha\target\classes started by lenovo in D:\Users\lenovo\Desktop\Source_Code\Kispha)
2026-02-22 20:43:11.939 [main] [%PARSER_ERROR[PID]] INFO  com.muimi.kispha.KisphaApplication - No active profile set, falling back to 1 default profile: "default"
2026-02-22 20:43:12.244 [main] [%PARSER_ERROR[PID]] INFO  o.s.d.r.config.RepositoryConfigurationDelegate - Bootstrapping Spring Data JPA repositories in DEFAULT mode.
2026-02-22 20:43:12.279 [main] [%PARSER_ERROR[PID]] INFO  o.s.d.r.config.RepositoryConfigurationDelegate - Finished Spring Data repository scanning in 25 ms. Found 1 JPA repository interface.
2026-02-22 20:43:12.474 [main] [%PARSER_ERROR[PID]] INFO  org.springframework.boot.tomcat.TomcatWebServer - Tomcat initialized with port 8090 (http)
2026-02-22 20:43:12.482 [main] [%PARSER_ERROR[PID]] INFO  org.apache.catalina.core.StandardService - Starting service [Tomcat]
2026-02-22 20:43:12.482 [main] [%PARSER_ERROR[PID]] INFO  org.apache.catalina.core.StandardEngine - Starting Servlet engine: [Apache Tomcat/11.0.18]
2026-02-22 20:43:12.513 [main] [%PARSER_ERROR[PID]] INFO  o.s.b.w.c.servlet.WebApplicationContextInitializer - Root WebApplicationContext: initialization completed in 547 ms
2026-02-22 20:43:12.590 [main] [%PARSER_ERROR[PID]] INFO  org.hibernate.orm.jpa - HHH008540: Processing PersistenceUnitInfo [name: default]
2026-02-22 20:43:12.611 [main] [%PARSER_ERROR[PID]] INFO  org.hibernate.orm.core - HHH000001: Hibernate ORM core version 7.2.4.Final
2026-02-22 20:43:12.814 [main] [%PARSER_ERROR[PID]] INFO  o.s.o.j.persistenceunit.SpringPersistenceUnitInfo - No LoadTimeWeaver setup: ignoring JPA class transformer
2026-02-22 20:43:12.832 [main] [%PARSER_ERROR[PID]] INFO  com.zaxxer.hikari.HikariDataSource - HikariPool-1 - Starting...
2026-02-22 20:43:12.902 [main] [%PARSER_ERROR[PID]] INFO  com.zaxxer.hikari.pool.HikariPool - HikariPool-1 - Added connection com.mysql.cj.jdbc.ConnectionImpl@79c4f23b
2026-02-22 20:43:12.903 [main] [%PARSER_ERROR[PID]] INFO  com.zaxxer.hikari.HikariDataSource - HikariPool-1 - Start completed.
2026-02-22 20:43:12.927 [main] [%PARSER_ERROR[PID]] WARN  org.hibernate.orm.core - HHH000511: The 5.7.26 version for [org.hibernate.dialect.MySQLDialect] is no longer supported, hence certain features may not work properly.The minimum supported version is 8.0.0. Check the community dialects project for available legacy versions.
2026-02-22 20:43:12.937 [main] [%PARSER_ERROR[PID]] INFO  org.hibernate.orm.connections.pooling - HHH10001005: Database info:
	Database JDBC URL [jdbc:mysql://localhost:3306/Kispha?useSSL=false&serverTimezone=UTC&allowPublicKeyRetrieval=true]
	Database driver: MySQL Connector/J
	Database dialect: MySQLDialect
	Database version: 5.7.26
	Default catalog/schema: Kispha/undefined
	Autocommit mode: undefined/unknown
	Isolation level: REPEATABLE_READ [default REPEATABLE_READ]
	JDBC fetch size: none
	Pool: DataSourceConnectionProvider
	Minimum pool size: undefined/unknown
	Maximum pool size: undefined/unknown
2026-02-22 20:43:13.308 [main] [%PARSER_ERROR[PID]] INFO  org.hibernate.orm.core - HHH000489: No JTA platform available (set 'hibernate.transaction.jta.platform' to enable JTA platform integration)
2026-02-22 20:43:13.329 [main] [%PARSER_ERROR[PID]] INFO  o.s.orm.jpa.LocalContainerEntityManagerFactoryBean - Initialized JPA EntityManagerFactory for persistence unit 'default'
2026-02-22 20:43:13.364 [main] [%PARSER_ERROR[PID]] INFO  o.s.d.jpa.repository.query.QueryEnhancerFactories - Hibernate is in classpath; If applicable, HQL parser will be used.
2026-02-22 20:43:13.453 [main] [%PARSER_ERROR[PID]] WARN  o.s.b.j.a.JpaBaseConfiguration$JpaWebConfiguration - spring.jpa.open-in-view is enabled by default. Therefore, database queries may be performed during view rendering. Explicitly configure spring.jpa.open-in-view to disable this warning
2026-02-22 20:43:13.610 [main] [%PARSER_ERROR[PID]] INFO  org.springframework.boot.tomcat.TomcatWebServer - Tomcat started on port 8090 (http) with context path '/'
2026-02-22 20:43:13.613 [main] [%PARSER_ERROR[PID]] INFO  com.muimi.kispha.KisphaApplication - Started KisphaApplication in 1.886 seconds (process running for 2.225)
2026-02-22 20:43:46.359 [http-nio-8090-exec-1] [%PARSER_ERROR[PID]] INFO  o.a.c.core.ContainerBase.[Tomcat].[localhost].[/] - Initializing Spring DispatcherServlet 'dispatcherServlet'
2026-02-22 20:43:46.360 [http-nio-8090-exec-1] [%PARSER_ERROR[PID]] INFO  org.springframework.web.servlet.DispatcherServlet - Initializing Servlet 'dispatcherServlet'
2026-02-22 20:43:46.361 [http-nio-8090-exec-1] [%PARSER_ERROR[PID]] INFO  org.springframework.web.servlet.DispatcherServlet - Completed initialization in 1 ms
2026-02-22 20:43:46.414 [http-nio-8090-exec-1] [%PARSER_ERROR[PID]] INFO  com.muimi.kispha.controller.UserController - 【用户注册接口】接收用户注册请求，请求参数：用户名=Admin，邮箱=1234@qq.com
2026-02-22 20:43:46.415 [http-nio-8090-exec-1] [%PARSER_ERROR[PID]] INFO  com.muimi.kispha.service.impl.UserServiceImpl - 【用户注册】开始处理用户注册请求，用户名：Admin，邮箱：1234@qq.com
2026-02-22 20:43:46.626 [http-nio-8090-exec-1] [%PARSER_ERROR[PID]] INFO  com.muimi.kispha.utils.StatusCodeManager - 【状态码初始化】AES密钥/偏移量校验通过，初始化完成
2026-02-22 20:43:46.639 [http-nio-8090-exec-1] [%PARSER_ERROR[PID]] INFO  com.muimi.kispha.service.impl.UserServiceImpl - 【用户注册】用户注册成功，uid：3，生成状态码：/n2qWgzFL95oarp5ESfSZsMdg41jAT6XzDfTVa3KaQA=
2026-02-22 20:43:46.640 [http-nio-8090-exec-1] [%PARSER_ERROR[PID]] INFO  com.muimi.kispha.controller.UserController - 【用户注册接口】注册请求处理成功，返回用户uid：3
2026-02-22 20:44:21.512 [SpringApplicationShutdownHook] [%PARSER_ERROR[PID]] INFO  org.springframework.boot.tomcat.GracefulShutdown - Commencing graceful shutdown. Waiting for active requests to complete
2026-02-22 20:44:21.516 [tomcat-shutdown] [%PARSER_ERROR[PID]] INFO  org.springframework.boot.tomcat.GracefulShutdown - Graceful shutdown complete
2026-02-22 20:44:21.519 [SpringApplicationShutdownHook] [%PARSER_ERROR[PID]] INFO  o.s.orm.jpa.LocalContainerEntityManagerFactoryBean - Closing JPA EntityManagerFactory for persistence unit 'default'
2026-02-22 20:44:21.520 [SpringApplicationShutdownHook] [%PARSER_ERROR[PID]] INFO  com.zaxxer.hikari.HikariDataSource - HikariPool-1 - Shutdown initiated...
2026-02-22 20:44:21.522 [SpringApplicationShutdownHook] [%PARSER_ERROR[PID]] INFO  com.zaxxer.hikari.HikariDataSource - HikariPool-1 - Shutdown completed.
2026-02-22 21:02:06.347 [main] [%PARSER_ERROR[PID]] INFO  com.muimi.kispha.KisphaApplicationTests - Starting KisphaApplicationTests using Java 25.0.1 with PID 13160 (started by lenovo in D:\Users\lenovo\Desktop\Source_Code\Kispha)
2026-02-22 21:02:06.348 [main] [%PARSER_ERROR[PID]] INFO  com.muimi.kispha.KisphaApplicationTests - No active profile set, falling back to 1 default profile: "default"
2026-02-22 21:02:06.709 [main] [%PARSER_ERROR[PID]] INFO  o.s.d.r.config.RepositoryConfigurationDelegate - Bootstrapping Spring Data JPA repositories in DEFAULT mode.
2026-02-22 21:02:06.742 [main] [%PARSER_ERROR[PID]] INFO  o.s.d.r.config.RepositoryConfigurationDelegate - Finished Spring Data repository scanning in 26 ms. Found 1 JPA repository interface.
2026-02-22 21:02:06.939 [main] [%PARSER_ERROR[PID]] INFO  org.hibernate.orm.jpa - HHH008540: Processing PersistenceUnitInfo [name: default]
2026-02-22 21:02:06.965 [main] [%PARSER_ERROR[PID]] INFO  org.hibernate.orm.core - HHH000001: Hibernate ORM core version 7.2.4.Final
2026-02-22 21:02:07.247 [main] [%PARSER_ERROR[PID]] INFO  o.s.o.j.persistenceunit.SpringPersistenceUnitInfo - No LoadTimeWeaver setup: ignoring JPA class transformer
2026-02-22 21:02:07.267 [main] [%PARSER_ERROR[PID]] INFO  com.zaxxer.hikari.HikariDataSource - HikariPool-1 - Starting...
2026-02-22 21:02:07.369 [main] [%PARSER_ERROR[PID]] INFO  com.zaxxer.hikari.pool.HikariPool - HikariPool-1 - Added connection com.mysql.cj.jdbc.ConnectionImpl@6212ea52
2026-02-22 21:02:07.370 [main] [%PARSER_ERROR[PID]] INFO  com.zaxxer.hikari.HikariDataSource - HikariPool-1 - Start completed.
2026-02-22 21:02:07.397 [main] [%PARSER_ERROR[PID]] WARN  org.hibernate.orm.core - HHH000511: The 5.7.26 version for [org.hibernate.dialect.MySQLDialect] is no longer supported, hence certain features may not work properly.The minimum supported version is 8.0.0. Check the community dialects project for available legacy versions.
2026-02-22 21:02:07.408 [main] [%PARSER_ERROR[PID]] INFO  org.hibernate.orm.connections.pooling - HHH10001005: Database info:
	Database JDBC URL [jdbc:mysql://localhost:3306/Kispha?useSSL=false&serverTimezone=UTC&allowPublicKeyRetrieval=true]
	Database driver: MySQL Connector/J
	Database dialect: MySQLDialect
	Database version: 5.7.26
	Default catalog/schema: Kispha/undefined
	Autocommit mode: undefined/unknown
	Isolation level: REPEATABLE_READ [default REPEATABLE_READ]
	JDBC fetch size: none
	Pool: DataSourceConnectionProvider
	Minimum pool size: undefined/unknown
	Maximum pool size: undefined/unknown
2026-02-22 21:02:07.803 [main] [%PARSER_ERROR[PID]] INFO  org.hibernate.orm.core - HHH000489: No JTA platform available (set 'hibernate.transaction.jta.platform' to enable JTA platform integration)
2026-02-22 21:02:07.825 [main] [%PARSER_ERROR[PID]] INFO  o.s.orm.jpa.LocalContainerEntityManagerFactoryBean - Initialized JPA EntityManagerFactory for persistence unit 'default'
2026-02-22 21:02:07.877 [main] [%PARSER_ERROR[PID]] INFO  o.s.d.jpa.repository.query.QueryEnhancerFactories - Hibernate is in classpath; If applicable, HQL parser will be used.
2026-02-22 21:02:08.021 [main] [%PARSER_ERROR[PID]] WARN  o.s.b.j.a.JpaBaseConfiguration$JpaWebConfiguration - spring.jpa.open-in-view is enabled by default. Therefore, database queries may be performed during view rendering. Explicitly configure spring.jpa.open-in-view to disable this warning
2026-02-22 21:02:08.314 [main] [%PARSER_ERROR[PID]] INFO  com.muimi.kispha.KisphaApplicationTests - Started KisphaApplicationTests in 2.116 seconds (process running for 2.997)
2026-02-22 21:02:08.616 [SpringApplicationShutdownHook] [%PARSER_ERROR[PID]] INFO  o.s.orm.jpa.LocalContainerEntityManagerFactoryBean - Closing JPA EntityManagerFactory for persistence unit 'default'
2026-02-22 21:02:08.617 [SpringApplicationShutdownHook] [%PARSER_ERROR[PID]] INFO  com.zaxxer.hikari.HikariDataSource - HikariPool-1 - Shutdown initiated...
2026-02-22 21:02:08.622 [SpringApplicationShutdownHook] [%PARSER_ERROR[PID]] INFO  com.zaxxer.hikari.HikariDataSource - HikariPool-1 - Shutdown completed.
